C:\Users\lukep\Documents\Salle\Business\Senior Year\TFG\Projectfiles\.venv\Lib\site-packages\requests\__init__.py:113: RequestsDependencyWarning: urllib3 (2.6.3) or chardet (7.1.0)/charset_normalizer (3.4.5) doesn't match a supported version!
  warnings.warn(

[Summary] Generating case summary for case 'a724c9ac-8faa-4459-9cf9-8b6e1dcc0efe'...
[Summary] Generated — 1,070 chars | confidence=0.60 | sources=0
[Summary] Saved agent_responses (session_id='document_summary').
[Summary] Updated cases.ai_summary.

============================================================
  CASE SUMMARY
============================================================
## Case Overview
*Not identified in available documents.*

## Parties

| Role | Name | Description |
|------|------|-------------|
| Plaintiff / Claimant | *Not identified in available documents.* | *Not identified in available documents.* |
| Defendant / Respondent | *Not identified in available documents.* | *Not identified in available documents.* |

## Document Inventory

| Document | Type | Pages |
|----------|------|-------|
| *Not identified in available documents.* | *Not identified in available documents.* | *Not identified in available documents.* |

## Nature of the Matter
*Not identified in available documents.*

## Key Claims & Allegations
1. *Not identified in available documents.*

## Relief Sought
*Not identified in available documents.*

## Critical Dates & Deadlines
- *Not identified in available documents.*

## Key Facts
- *Not identified in available documents.*

## Strategic Assessment
*Not identified in available documents.*

---
*Analysis based on documents uploaded to this case file.*
[Confidence: 0.00 | Sources: 0 sections cited]
============================================================
  Confidence : 0.60
C:\Users\lukep\Documents\Salle\Business\Senior Year\TFG\Projectfiles\.venv\Lib\site-packages\requests\__init__.py:113: RequestsDependencyWarning: urllib3 (2.6.3) or chardet (7.1.0)/charset_normalizer (3.4.5) doesn't match a supported version!
  warnings.warn(

[Summary] Generating case summary for case 'a724c9ac-8faa-4459-9cf9-8b6e1dcc0efe'...
[Summary] Generated — 5,039 chars | confidence=0.85 | sources=15
[Summary] Saved agent_responses (session_id='document_summary').
[Summary] Updated cases.ai_summary.

============================================================
  CASE SUMMARY
============================================================
## Case Overview
This legal matter involves a complaint filed by Epic Games against Apple, alleging anti-competitive conduct related to the iOS App Distribution Market and the iOS In-App Payment Processing Market. Epic Games seeks injunctive relief to prohibit Apple's alleged anti-competitive practices and restore competition, along with a declaration that Apple's contractual and policy restraints are unlawful.

## Parties

| Role | Name | Description |
|------|------|-------------|
| Plaintiff / Claimant | Epic Games | Maryland corporation with its principal place of business in Cary, North Carolina, a game developer. (Complaint (Epic Games to Apple_7e646bdc), Pages: 8-9) |
| Defendant / Respondent | Apple | *Not identified in available documents.* (Implied defendant based on the nature of the complaint) |

## Document Inventory

| Document | Type | Pages |
|----------|------|-------|
| Complaint (Epic Games to Apple_7e646bdc) | Pleading - Complaint | 62 |

## Nature of the Matter
This is a commercial litigation case primarily focused on federal antitrust claims under the Clayton Antitrust Act and the Sherman Act, with supplemental state law claims under California's Cartwright Act and Unfair Competition Law. The Court has subject matter jurisdiction over the federal antitrust claims pursuant to 15 U.S.C. § 26 and 28 U.S.C. §§ 1331 and 1337, and supplemental jurisdiction over state law claims pursuant to 28 U.S.C. § 1367. The case involves allegations of unlawful restraints of trade, tying, and monopoly maintenance in the iOS app distribution and in-app payment processing markets. (Complaint (Epic Games to Apple_7e646bdc), Pages: 1-7, 10-11)

## Key Claims & Allegations
1.  **Sherman Act § 1**: Unreasonable Restraints of Trade in the iOS App Distribution Market. (Complaint (Epic Games to Apple_7e646bdc), Pages: 49-50)
2.  **Sherman Act § 2**: Unlawful Monopoly Maintenance in the iOS In-App Payment Processing Market. (Complaint (Epic Games to Apple_7e646bdc), Pages: 51-51)
3.  **Sherman Act § 1**: Tying the App Store in the iOS App Distribution Market to In-App Purchase in the iOS In-App Payment Processing Market. (Complaint (Epic Games to Apple_7e646bdc), Pages: 53-54)
4.  **California Cartwright Act**: Unreasonable Restraints of Trade in the iOS In-App Payment Processing Market. (Complaint (Epic Games to Apple_7e646bdc), Pages: 56-57)
5.  **California Cartwright Act**: Tying the App Store in the iOS App Distribution Market to In-App Purchase in the iOS In-App Payment Processing Market. (Complaint (Epic Games to Apple_7e646bdc), Pages: 58-60)
6.  **California Unfair Competition Law**: Violation of Cal. Bus. & Prof. Code §§ 17200, et seq. (Complaint (Epic Games to Apple_7e646bdc), Pages: 61-61)

## Relief Sought
-   Issuing an injunction prohibiting Apple’s anti-competitive conduct and mandating that Apple take all necessary steps to cease unlawful conduct and to restore competition. (Complaint (Epic Games to Apple_7e646bdc), Pages: 61-62)
-   Awarding a declaration that the contractual and policy restraints complained of are unlawful. (Complaint (Epic Games to Apple_7e646bdc), Pages: 61-62)
-   Compensatory damages: *Not identified in available documents.*
-   Punitive damages: *Not identified in available documents.*
-   Specific performance: *Not identified in available documents.*
-   Attorneys' fees: *Not identified in available documents.*
-   Costs: *Not identified in available documents.*

## Critical Dates & Deadlines
-   *No critical dates or deadlines were identified in the available documents.*

## Key Facts
-   Apple's alleged anti-competitive conduct forecloses competition in the iOS App Distribution Market, affecting a substantial volume of commerce and harming would-be competing app distributors, developers, and consumers. (Complaint (Epic Games to Apple_7e646bdc), Pages: 23-26)
-   Apple's alleged anti-competitive conduct also forecloses competition in the iOS In-App Payment Processing Market, affecting a substantial volume of commerce and harming would-be competing in-app payment processors, app developers, and consumers. (Complaint (Epic Games to Apple_7e646bdc), Pages: 34-37)
-   Epic Games is a Maryland corporation with its principal place of business in Cary, North Carolina, focused on creating games and tools. (Complaint (Epic Games to Apple_7e646bdc), Pages: 8-9)

## Strategic Assessment
The case presents significant legal issues concerning antitrust law, specifically monopolization and unlawful restraints of trade in digital markets. Evidentiary strengths will likely hinge on demonstrating Apple's market power and the anti-competitive effects of its policies on developers and consumers. A key litigation risk is the high bar for proving antitrust violations. Immediate action items for the legal team should include a thorough review of market definition arguments and the economic impact of Apple's alleged conduct.

---
*Analysis based on documents uploaded to this case file.*
[Confidence: 0.85 | Sources: 15 sections cited]
============================================================
  Confidence : 0.85
  Sources    : 15 document section(s)
C:\Users\lukep\Documents\Salle\Business\Senior Year\TFG\Projectfiles\.venv\Lib\site-packages\requests\__init__.py:113: RequestsDependencyWarning: urllib3 (2.6.3) or chardet (7.1.0)/charset_normalizer (3.4.5) doesn't match a supported version!
  warnings.warn(

[Summary] Generating case summary for case 'a724c9ac-8faa-4459-9cf9-8b6e1dcc0efe'...
[Summary] Generated — 5,971 chars | confidence=0.85 | sources=23
[Summary] Saved agent_responses (session_id='document_summary').
[Summary] Updated cases.ai_summary.

============================================================
  CASE SUMMARY
============================================================
## Case Overview
This is an antitrust lawsuit filed by Epic Games, Inc. against Apple Inc., alleging that Apple unlawfully maintains monopolies in the iOS App Distribution Market and the iOS In-App Payment Processing Market. Epic seeks injunctive and declaratory relief to prohibit Apple's anti-competitive conduct and restore competition, explicitly stating it is not seeking monetary compensation for its injuries.

## Parties

| Role | Name | Description |
|------|------|-------------|
| Plaintiff / Claimant | EPIC GAMES, INC. | A company that develops and publishes video games and software. |
| Defendant / Respondent | APPLE INC. | A technology company that designs, manufactures, and markets mobile communication and media devices, personal computers, and sells related services. |
| Other Mentioned | iOS app developers | A group of software developers who create applications for Apple's iOS platform. |
| Other Mentioned | Consumers | Users of mobile devices and applications. |

## Document Inventory

| Document | Type | Pages |
|----------|------|-------|
| Complaint (Epic Games to Apple_7e646bdc | Pleading - Complaint | 1-62 |
| Complaint (Epic Games to Apple_7e646bdc_exhibit_A | Contract - Agreement | 64-135 |
| Complaint (Epic Games to Apple_7e646bdc_exhibit_D | Administrative - Case Summary | 167 |

## Nature of the Matter
This is an antitrust proceeding initiated by a Complaint for Injunctive Relief. The legal theories primarily involve violations of federal antitrust law under the Clayton Antitrust Act, 15 U.S.C. § 26, and 28 U.S.C. §§ 1331 and 1337. Additionally, state law claims are brought under the California Cartwright Act and California's Unfair Competition Law, Cal. Bus. & Prof. Code §§ 17200, et seq., with supplemental jurisdiction pursuant to 28 U.S.C. § 1367. The case alleges that Apple has engaged in anti-competitive conduct to unlawfully maintain its monopoly in the iOS App Distribution Market and the iOS In-App Payment Processing Market.

## Key Claims & Allegations
1.  **Sherman Act § 1 Violation**: Unreasonable Restraints of Trade in the iOS In-App Payment Processing Market (Complaint, COUNT 5, Pages 52-52).
2.  **California Cartwright Act Violation**: Tying the App Store in the iOS App Distribution Market to In-App Purchase (Complaint, COUNT 9, Pages 58).
3.  **California Unfair Competition Law Violation**: Unlawful, unfair, or fraudulent business act or practice (Complaint, COUNT 10, Pages 61-61).
4.  Apple imposes technical restrictions that foreclose competition in the iOS App Distribution Market by preventing iOS users from downloading app stores or apps directly from websites (Complaint, Pages 19-19).
5.  Apple's foreclosure of the iOS In-App Payment Processing Market lacks procompetitive justification (Complaint, Pages 33-33).

## Relief Sought
*   An injunction prohibiting Apple’s anti-competitive conduct and mandating that Apple take all necessary steps to cease unlawful conduct and to restore competition (Complaint, Pages 61-62).
*   A declaration that the contractual and policy restraints complained of are unlawful (Complaint, Pages 61-62).
*   Award of attorneys' fees and costs (Complaint, Pages 61-62).
*   Epic is not seeking monetary compensation from the Court for the injuries it has suffered (Complaint, Pages 2-3).

## Critical Dates & Deadlines
-   **2016-10-28**: Letter from Bruce Sewell, General Counsel, Apple, to Horacio Gutierrez, General Counsel, Spotify (House...) (Complaint, Pages 33-33).
-   **2020-08-07**: Event (Not identified in available documents for specific event description).
-   **2020-08-10**: Event (Not identified in available documents for specific event description).
-   **2020-08-11**: Event (Not identified in available documents for specific event description).
*(Filing date of the Complaint is not explicitly stated in the provided snippets but is the foundational document for this case.)*

## Key Facts
-   Apple utilizes a proprietary operating system, iOS, which is pre-installed on iPhones and iPads, and does not license iOS to other manufacturers (Complaint, Pages 15-16).
-   Apple implements technical restrictions within iOS that prevent users from downloading app stores or applications directly from websites, thereby requiring them to use Apple’s App Store (Complaint, Pages 19-19).
-   A distinct and relevant market exists for the distribution of apps compatible with iOS to users of iOS devices, termed the iOS App Distribution Market (Complaint, Pages 16-16).
-   Apple's policy of foreclosing the iOS In-App Payment Processing Market is alleged to lack any procompetitive justification (Complaint, Pages 33-33).
-   Epic Games initiated this lawsuit to challenge and end Apple’s alleged unfair and anti-competitive practices aimed at maintaining its monopoly in the iOS App Distribution Market and the iOS In-App Payment Processing Market (Complaint, Pages 2-3).

## Strategic Assessment
This case presents significant legal challenges regarding the definition of relevant markets and the application of antitrust principles to digital platforms. Key legal issues include whether Apple's App Store policies constitute unlawful tying arrangements and unreasonable restraints of trade. Evidentiary strengths for Epic lie in demonstrating the restrictive nature of Apple's ecosystem and the lack of alternative distribution channels, while potential weaknesses may involve proving anti-competitive intent or the absence of procompetitive justifications for Apple's policies. Litigation risks include the complexity of antitrust litigation and the potential for extensive discovery. Immediate action items for the legal team should focus on detailed market analysis, expert witness preparation, and further investigation into the economic impact of Apple's alleged monopolistic practices on developers and consumers.

---
*Analysis based on documents uploaded to this case file.*
[Confidence: 0.90 | Sources: 15 sections cited]
============================================================
  Confidence : 0.85
  Sources    : 23 document section(s)
